1/28/2018 1:25:38 PM, Info: Initializing SIMPLSharp Services...
1/28/2018 1:25:38 PM, Info: ProjectInfo successfully initialized.
1/28/2018 1:25:39 PM, Info: Saving project information...
1/28/2018 1:25:39 PM, Info: Saving project information...
1/28/2018 1:25:39 PM, Info: Saving project information...
1/28/2018 1:25:39 PM, Info: Saving project information...
1/28/2018 1:25:39 PM, Info: Saving project information...
1/28/2018 1:25:39 PM, Info: Saving project information...
1/28/2018 1:27:27 PM, Info: Saving project information...
1/28/2018 1:27:27 PM, Info: Saving project information...
1/28/2018 1:27:27 PM, Info: Saving project information...
1/28/2018 1:31:02 PM, Info: Validating assembly C:\_git\SimplSharp\pepperdash-simplsharp-core\Pepperdash Core\Pepperdash Core\bin\PepperDash_Core.dll...
1/28/2018 1:32:27 PM, Info: Saving project information...
1/28/2018 1:32:27 PM, Info: Saving project information...
1/28/2018 1:32:27 PM, Info: Saving project information...
1/28/2018 1:37:26 PM, Info: Saving project information...
1/28/2018 1:37:26 PM, Info: Saving project information...
1/28/2018 1:37:26 PM, Info: Saving project information...
1/28/2018 1:42:26 PM, Info: Saving project information...
1/28/2018 1:42:26 PM, Info: Saving project information...
1/28/2018 1:42:26 PM, Info: Saving project information...
1/28/2018 1:46:13 PM, Info: Saving project information...
1/28/2018 1:46:13 PM, Info: Saving project information...
1/28/2018 1:46:13 PM, Info: Saving project information...
1/28/2018 1:46:13 PM, Info: Saving project information...
1/28/2018 1:46:13 PM, Info: Saving project information...
1/28/2018 1:46:13 PM, Info: Saving project information...
1/28/2018 1:46:14 PM, Info: Validating assembly C:\_docs\SimplSharp\ComSpecParser\ComSpecParser\bin\Debug\ComSpecParser.dll...
1/28/2018 1:46:14 PM, Info: Verifying assembly C:\_docs\SimplSharp\ComSpecParser\ComSpecParser\bin\Debug\ComSpecParser.dll
1/28/2018 1:46:15 PM, Info: Creating Archive C:\_docs\SimplSharp\ComSpecParser\ComSpecParser\bin\Debug\ComSpecParser.clz...
1/28/2018 1:46:15 PM, Info: Saving project information...
1/28/2018 1:47:48 PM, Info: Validating assembly C:\_docs\SimplSharp\ComSpecParser\ComSpecParser\bin\Debug\ComSpecParser.dll...
1/28/2018 1:47:48 PM, Info: Verifying assembly C:\_docs\SimplSharp\ComSpecParser\ComSpecParser\bin\Debug\ComSpecParser.dll
1/28/2018 1:47:48 PM, Info: Creating Archive C:\_docs\SimplSharp\ComSpecParser\ComSpecParser\bin\Debug\ComSpecParser.clz...
1/28/2018 1:47:48 PM, Info: Saving project information...
1/28/2018 1:48:00 PM, Info: Validating assembly C:\_docs\SimplSharp\ComSpecParser\ComSpecParser\bin\Debug\ComSpecParser.dll...
1/28/2018 1:48:00 PM, Info: Verifying assembly C:\_docs\SimplSharp\ComSpecParser\ComSpecParser\bin\Debug\ComSpecParser.dll
1/28/2018 1:48:00 PM, Info: Creating Archive C:\_docs\SimplSharp\ComSpecParser\ComSpecParser\bin\Debug\ComSpecParser.clz...
1/28/2018 1:48:01 PM, Info: Saving project information...
1/28/2018 1:54:33 PM, Info: Validating assembly C:\_docs\SimplSharp\ComSpecParser\ComSpecParser\bin\Debug\ComSpecParser.dll...
1/28/2018 1:54:33 PM, Info: Verifying assembly C:\_docs\SimplSharp\ComSpecParser\ComSpecParser\bin\Debug\ComSpecParser.dll
1/28/2018 1:54:33 PM, Info: Creating Archive C:\_docs\SimplSharp\ComSpecParser\ComSpecParser\bin\Debug\ComSpecParser.clz...
1/28/2018 1:54:33 PM, Info: Saving project information...
1/28/2018 1:55:38 PM, Info: Validating assembly C:\_docs\SimplSharp\ComSpecParser\ComSpecParser\bin\Debug\ComSpecParser.dll...
1/28/2018 1:55:38 PM, Info: Verifying assembly C:\_docs\SimplSharp\ComSpecParser\ComSpecParser\bin\Debug\ComSpecParser.dll
1/28/2018 1:55:38 PM, Info: Creating Archive C:\_docs\SimplSharp\ComSpecParser\ComSpecParser\bin\Debug\ComSpecParser.clz...
1/28/2018 1:55:39 PM, Info: Saving project information...
1/28/2018 1:57:48 PM, Info: Validating assembly C:\_docs\SimplSharp\ComSpecParser\ComSpecParser\bin\Debug\ComSpecParser.dll...
1/28/2018 1:57:48 PM, Info: Verifying assembly C:\_docs\SimplSharp\ComSpecParser\ComSpecParser\bin\Debug\ComSpecParser.dll
1/28/2018 1:57:48 PM, Info: Creating Archive C:\_docs\SimplSharp\ComSpecParser\ComSpecParser\bin\Debug\ComSpecParser.clz...
1/28/2018 1:57:49 PM, Info: Saving project information...
1/28/2018 3:20:21 PM, Info: Validating assembly C:\_docs\SimplSharp\ComSpecParser\ComSpecParser\bin\Debug\ComSpecParser.dll...
1/28/2018 3:20:21 PM, Info: Verifying assembly C:\_docs\SimplSharp\ComSpecParser\ComSpecParser\bin\Debug\ComSpecParser.dll
1/28/2018 3:20:21 PM, Info: Creating Archive C:\_docs\SimplSharp\ComSpecParser\ComSpecParser\bin\Debug\ComSpecParser.clz...
1/28/2018 3:20:22 PM, Info: Saving project information...
1/28/2018 3:20:36 PM, Info: Saving project information...
1/28/2018 3:20:36 PM, Info: Saving project information...
1/28/2018 3:20:36 PM, Info: Saving project information...
1/28/2018 3:20:36 PM, Info: Saving project information...
1/28/2018 3:20:36 PM, Info: Saving project information...
1/28/2018 3:20:36 PM, Info: Saving project information...
1/28/2018 3:20:37 PM, Info: Validating assembly C:\_docs\SimplSharp\ComSpecParser\ComSpecParser\bin\Debug\ComSpecParser.dll...
1/28/2018 3:20:37 PM, Info: Verifying assembly C:\_docs\SimplSharp\ComSpecParser\ComSpecParser\bin\Debug\ComSpecParser.dll
1/28/2018 3:20:37 PM, Info: Creating Archive C:\_docs\SimplSharp\ComSpecParser\ComSpecParser\bin\Debug\ComSpecParser.clz...
1/28/2018 3:20:37 PM, Info: Saving project information...
1/28/2018 3:24:14 PM, Info: Validating assembly C:\_docs\SimplSharp\ComSpecParser\ComSpecParser\bin\Debug\ComSpecParser.dll...
1/28/2018 3:24:15 PM, Info: Verifying assembly C:\_docs\SimplSharp\ComSpecParser\ComSpecParser\bin\Debug\ComSpecParser.dll
1/28/2018 3:24:15 PM, Info: Creating Archive C:\_docs\SimplSharp\ComSpecParser\ComSpecParser\bin\Debug\ComSpecParser.clz...
1/28/2018 3:24:15 PM, Info: Saving project information...
1/28/2018 3:36:58 PM, Info: Validating assembly C:\_docs\SimplSharp\ComSpecParser\ComSpecParser\bin\Debug\ComSpecParser.dll...
1/28/2018 3:36:58 PM, Info: Verifying assembly C:\_docs\SimplSharp\ComSpecParser\ComSpecParser\bin\Debug\ComSpecParser.dll
1/28/2018 3:36:58 PM, Info: Creating Archive C:\_docs\SimplSharp\ComSpecParser\ComSpecParser\bin\Debug\ComSpecParser.clz...
1/28/2018 3:36:58 PM, Info: Saving project information...
1/28/2018 3:38:41 PM, Info: Validating assembly C:\_docs\SimplSharp\ComSpecParser\ComSpecParser\bin\Debug\ComSpecParser.dll...
1/28/2018 3:38:41 PM, Info: Verifying assembly C:\_docs\SimplSharp\ComSpecParser\ComSpecParser\bin\Debug\ComSpecParser.dll
1/28/2018 3:38:41 PM, Info: Creating Archive C:\_docs\SimplSharp\ComSpecParser\ComSpecParser\bin\Debug\ComSpecParser.clz...
1/28/2018 3:38:42 PM, Info: Saving project information...
1/28/2018 3:39:53 PM, Info: Saving project information...
1/28/2018 3:39:53 PM, Info: Saving project information...
1/28/2018 3:39:53 PM, Info: Saving project information...
1/28/2018 3:39:53 PM, Info: Saving project information...
1/28/2018 3:39:53 PM, Info: Saving project information...
1/28/2018 3:39:53 PM, Info: Saving project information...
1/28/2018 3:39:54 PM, Info: Validating assembly C:\_docs\SimplSharp\ComSpecParser\ComSpecParser\bin\Debug\ComSpecParser.dll...
1/28/2018 3:39:54 PM, Info: Verifying assembly C:\_docs\SimplSharp\ComSpecParser\ComSpecParser\bin\Debug\ComSpecParser.dll
1/28/2018 3:39:54 PM, Info: Creating Archive C:\_docs\SimplSharp\ComSpecParser\ComSpecParser\bin\Debug\ComSpecParser.clz...
1/28/2018 3:39:54 PM, Info: Saving project information...
1/28/2018 3:44:14 PM, Info: Validating assembly C:\_docs\SimplSharp\ComSpecParser\ComSpecParser\bin\Debug\ComSpecParser.dll...
1/28/2018 3:44:14 PM, Info: Verifying assembly C:\_docs\SimplSharp\ComSpecParser\ComSpecParser\bin\Debug\ComSpecParser.dll
1/28/2018 3:44:14 PM, Info: Creating Archive C:\_docs\SimplSharp\ComSpecParser\ComSpecParser\bin\Debug\ComSpecParser.clz...
1/28/2018 3:44:14 PM, Info: Saving project information...
1/28/2018 5:21:08 PM, Info: Validating assembly C:\_docs\SimplSharp\ComSpecParser\ComSpecParser\bin\Debug\ComSpecParser.dll...
1/28/2018 5:21:08 PM, Info: Verifying assembly C:\_docs\SimplSharp\ComSpecParser\ComSpecParser\bin\Debug\ComSpecParser.dll
1/28/2018 5:21:08 PM, Info: Creating Archive C:\_docs\SimplSharp\ComSpecParser\ComSpecParser\bin\Debug\ComSpecParser.clz...
1/28/2018 5:21:08 PM, Info: Saving project information...
1/28/2018 5:21:14 PM, Info: Validating assembly C:\_docs\SimplSharp\ComSpecParser\ComSpecParser\bin\Debug\ComSpecParser.dll...
1/28/2018 5:21:14 PM, Info: Verifying assembly C:\_docs\SimplSharp\ComSpecParser\ComSpecParser\bin\Debug\ComSpecParser.dll
1/28/2018 5:21:15 PM, Info: Creating Archive C:\_docs\SimplSharp\ComSpecParser\ComSpecParser\bin\Debug\ComSpecParser.clz...
1/28/2018 5:21:15 PM, Info: Saving project information...
1/28/2018 10:29:24 PM, Info: Validating assembly C:\_docs\SimplSharp\ComSpecParser\ComSpecParser\bin\Debug\ComSpecParser.dll...
1/28/2018 10:29:24 PM, Info: Verifying assembly C:\_docs\SimplSharp\ComSpecParser\ComSpecParser\bin\Debug\ComSpecParser.dll
1/28/2018 10:29:24 PM, Info: Creating Archive C:\_docs\SimplSharp\ComSpecParser\ComSpecParser\bin\Debug\ComSpecParser.clz...
1/28/2018 10:29:25 PM, Info: Saving project information...
1/28/2018 10:30:50 PM, Info: Validating assembly C:\_docs\SimplSharp\ComSpecParser\ComSpecParser\bin\Debug\ComSpecParser.dll...
1/28/2018 10:30:50 PM, Info: Verifying assembly C:\_docs\SimplSharp\ComSpecParser\ComSpecParser\bin\Debug\ComSpecParser.dll
1/28/2018 10:30:50 PM, Info: Creating Archive C:\_docs\SimplSharp\ComSpecParser\ComSpecParser\bin\Debug\ComSpecParser.clz...
1/28/2018 10:30:51 PM, Info: Saving project information...
1/28/2018 10:53:34 PM, Info: Terminating SIMPLSharp Services
